{"level":"info","message":"listening on 8888","service":"user-service"}
{"level":"info","message":"\"Connected successfuly\"","service":"user-service"}
{"level":"info","message":"SMSs fetched successfuly","service":"user-service"}
{"level":"info","message":"SMSs fetched successfuly","service":"user-service"}
{"level":"info","message":"SMSs fetched successfuly","service":"user-service"}
{"level":"info","message":"No Schedule with this ID is found!","service":"user-service"}
{"level":"info","message":"\"Connected successfuly\"","service":"user-service"}
{"level":"info","message":"Schedule sent successfuly","service":"user-service"}
{"level":"info","message":"unvalid request","service":"user-service"}
{"level":"info","message":"Schedules found","service":"user-service"}
{"level":"info","message":"Schedules found","service":"user-service"}
{"level":"info","message":"\"Connected successfuly\"","service":"user-service"}
{"level":"info","message":"SMSs fetched successfuly","service":"user-service"}
{"level":"info","message":"SMSs fetched successfuly","service":"user-service"}
{"level":"info","message":"SMSs fetched successfuly","service":"user-service"}
{"level":"info","message":"No Schedule with this ID is found!","service":"user-service"}
{"level":"info","message":"\"Connected successfuly\"","service":"user-service"}
{"level":"info","message":"Schedule sent successfuly","service":"user-service"}
{"level":"info","message":"unvalid request","service":"user-service"}
{"level":"info","message":"Schedules found","service":"user-service"}
{"level":"info","message":"Schedules found","service":"user-service"}
